<?xml version="1.0" encoding="UTF-8"?>
<!-- Generated by org.testng.reporters.JUnitReportReporter -->
<testsuite hostname="nb-philipps-7" name="com.perfectomobile.StcTest" tests="2" failures="0" timestamp="19 Feb 2015 00:14:10 GMT" time="172.808" errors="0">
  <testcase name="f" time="85.968" classname="com.perfectomobile.StcTest"/>
  <testcase name="f" time="86.840" classname="com.perfectomobile.StcTest"/>
</testsuite> <!-- com.perfectomobile.StcTest -->
