<?xml version="1.0" encoding="UTF-8"?>
<!-- Generated by org.testng.reporters.JUnitReportReporter -->
<testsuite hostname="nb-philipps-7" name="com.perfectomobile.StcTest" tests="1" failures="0" timestamp="17 Feb 2015 22:35:12 GMT" time="0.000" errors="0">
  <testcase name="f" time="0.000" classname="com.perfectomobile.StcTest"/>
</testsuite> <!-- com.perfectomobile.StcTest -->
