<?xml version="1.0" encoding="UTF-8"?>
<!-- Generated by org.testng.reporters.JUnitReportReporter -->
<testsuite hostname="nb-philipps-7" name="com.perfectomobile.StcTest" tests="2" failures="0" timestamp="18 Feb 2015 22:35:30 GMT" time="184,906" errors="0">
  <testcase name="f" time="123,048" classname="com.perfectomobile.StcTest"/>
  <testcase name="f" time="61,858" classname="com.perfectomobile.StcTest"/>
</testsuite>
