<?xml version="1.0" encoding="UTF-8"?>
<!-- Generated by org.testng.reporters.JUnitReportReporter -->
<testsuite hostname="nb-philipps-7" name="com.perfectomobile.StcTest" tests="2" failures="0" timestamp="18 Feb 2015 22:45:10 GMT" time="180,120" errors="0">
  <testcase name="f" time="70,476" classname="com.perfectomobile.StcTest"/>
  <testcase name="f" time="109,644" classname="com.perfectomobile.StcTest"/>
</testsuite>
