<?xml version="1.0" encoding="UTF-8"?>
<!-- Generated by org.testng.reporters.JUnitReportReporter -->
<testsuite hostname="nb-philipps-7" name="com.perfectomobile.StcTest" tests="2" failures="0" timestamp="19 Feb 2015 09:59:10 GMT" time="305,326" errors="0">
  <testcase name="f" time="154,686" classname="com.perfectomobile.StcTest"/>
  <testcase name="f" time="150,640" classname="com.perfectomobile.StcTest"/>
</testsuite>
