<?xml version="1.0" encoding="UTF-8"?>
<!-- Generated by org.testng.reporters.JUnitReportReporter -->
<testsuite hostname="nb-philipps-7" name="com.perfectomobile.StcTest" tests="2" failures="0" timestamp="19 Feb 2015 09:41:01 GMT" time="302,984" errors="0">
  <testcase name="f" time="149,735" classname="com.perfectomobile.StcTest"/>
  <testcase name="f" time="153,249" classname="com.perfectomobile.StcTest"/>
</testsuite>
