<?xml version="1.0" encoding="UTF-8"?>
<!-- Generated by org.testng.reporters.JUnitReportReporter -->
<testsuite hostname="nb-philipps-7" name="com.perfectomobile.StcTest" tests="2" failures="0" timestamp="18 Feb 2015 13:02:35 GMT" time="65,510" errors="0">
  <testcase name="f" time="22,990" classname="com.perfectomobile.StcTest"/>
  <testcase name="f" time="42,520" classname="com.perfectomobile.StcTest"/>
</testsuite>
