<?xml version="1.0" encoding="UTF-8"?>
<!-- Generated by org.testng.reporters.JUnitReportReporter -->
<testsuite hostname="nb-philipps-7" name="com.perfectomobile.StcTest" tests="2" failures="0" timestamp="19 Feb 2015 00:26:20 GMT" time="153,294" errors="0">
  <testcase name="f" time="89,752" classname="com.perfectomobile.StcTest"/>
  <testcase name="f" time="63,542" classname="com.perfectomobile.StcTest"/>
</testsuite>
